Drill report for /root/Projects/NodeStandard/KiCad_Files/NodeStandard/NodeStandard.kicad_pcb
Created on za 20 feb 2021 21:13:20 CET

Copper Layer Stackup:
    =============================================================
    L1 :  F.Cu                      front
    L2 :  B.Cu                      back


Drill file 'NodeStandard-PTH.drl' contains
    plated through holes:
    =============================================================
    T1  0,75mm  0,030"  (9 holes)
    T2  0,80mm  0,031"  (120 holes)
    T3  0,90mm  0,035"  (10 holes)
    T4  1,00mm  0,039"  (48 holes)  (with 5 slots)
    T5  1,10mm  0,043"  (33 holes)
    T6  1,20mm  0,047"  (12 holes)
    T7  1,30mm  0,051"  (16 holes)
    T8  1,40mm  0,055"  (34 holes)
    T9  3,20mm  0,126"  (4 holes)

    Total plated holes count 286


Drill file 'NodeStandard-NPTH.drl' contains
    unplated through holes:
    =============================================================
    T1  1,10mm  0,043"  (9 holes)
    T2  1,20mm  0,047"  (5 holes)
    T3  2,20mm  0,087"  (2 holes)

    Total unplated holes count 16
